  [1m[35m (8.1ms)[0m  [1m[34mSELECT "schema_migrations"."version" FROM "schema_migrations" ORDER BY "schema_migrations"."version" ASC[0m
  [1m[35m (15.2ms)[0m  [1m[34mSELECT "ar_internal_metadata"."value" FROM "ar_internal_metadata" WHERE "ar_internal_metadata"."key" = $1[0m  [["key", "environment"]]
  [1m[35m (0.4ms)[0m  [1m[34mSELECT "schema_migrations"."version" FROM "schema_migrations" ORDER BY "schema_migrations"."version" ASC[0m
  [1m[35m (0.4ms)[0m  [1m[34mSELECT "ar_internal_metadata"."value" FROM "ar_internal_metadata" WHERE "ar_internal_metadata"."key" = $1[0m  [["key", "environment"]]
  [1m[35m (0.4ms)[0m  [1m[34mSELECT "schema_migrations"."version" FROM "schema_migrations" ORDER BY "schema_migrations"."version" ASC[0m
  [1m[35m (0.4ms)[0m  [1m[34mSELECT "ar_internal_metadata"."value" FROM "ar_internal_metadata" WHERE "ar_internal_metadata"."key" = $1[0m  [["key", "environment"]]
  [1m[35mSQL (2.9ms)[0m  [1m[35mCREATE EXTENSION IF NOT EXISTS "plpgsql"[0m
  [1m[35m (49.6ms)[0m  [1m[35mDROP TABLE IF EXISTS "checkings" CASCADE[0m
  [1m[35m (55.5ms)[0m  [1m[35mCREATE TABLE "checkings" ("id" bigserial primary key, "name" character varying, "account_type" character varying, "current_balance" character varying, "operating_company_identifier" character varying, "product_code" character varying, "primary_identifier" character varying, "transaction_history" character varying, "user_id" bigint, "created_at" timestamp NOT NULL, "updated_at" timestamp NOT NULL)[0m
  [1m[35m (9.8ms)[0m  [1m[35mCREATE  INDEX  "index_checkings_on_user_id" ON "checkings"  ("user_id")[0m
  [1m[35m (8.5ms)[0m  [1m[35mDROP TABLE IF EXISTS "games" CASCADE[0m
  [1m[35m (9.4ms)[0m  [1m[35mCREATE TABLE "games" ("id" bigserial primary key, "transfer_amount" integer, "total_saved" integer, "tokens" integer, "user_id" bigint, "created_at" timestamp NOT NULL, "updated_at" timestamp NOT NULL)[0m
  [1m[35m (4.9ms)[0m  [1m[35mCREATE  INDEX  "index_games_on_user_id" ON "games"  ("user_id")[0m
  [1m[35m (14.7ms)[0m  [1m[35mDROP TABLE IF EXISTS "messages" CASCADE[0m
  [1m[35m (18.3ms)[0m  [1m[35mCREATE TABLE "messages" ("id" bigserial primary key, "body" text, "created_at" timestamp NOT NULL, "updated_at" timestamp NOT NULL)[0m
  [1m[35m (4.5ms)[0m  [1m[35mDROP TABLE IF EXISTS "savings" CASCADE[0m
  [1m[35m (13.2ms)[0m  [1m[35mCREATE TABLE "savings" ("id" bigserial primary key, "name" character varying, "account_type" character varying, "operating_company_identifier" character varying, "product_code" character varying, "primary_identifier" character varying, "transaction_history" character varying, "user_id" bigint, "created_at" timestamp NOT NULL, "updated_at" timestamp NOT NULL)[0m
  [1m[35m (12.5ms)[0m  [1m[35mCREATE  INDEX  "index_savings_on_user_id" ON "savings"  ("user_id")[0m
  [1m[35m (11.5ms)[0m  [1m[35mDROP TABLE IF EXISTS "users" CASCADE[0m
  [1m[35m (13.9ms)[0m  [1m[35mCREATE TABLE "users" ("id" bigserial primary key, "legal_participant_identifier" character varying, "first_name" character varying, "last_name" character varying, "username" character varying, "email" character varying, "password" character varying, "created_at" timestamp NOT NULL, "updated_at" timestamp NOT NULL)[0m
  [1m[35m (1.7ms)[0m  [1m[34mSELECT "schema_migrations"."version" FROM "schema_migrations" ORDER BY "schema_migrations"."version" ASC[0m
  [1m[36mActiveRecord::InternalMetadata Load (3.0ms)[0m  [1m[34mSELECT  "ar_internal_metadata".* FROM "ar_internal_metadata" WHERE "ar_internal_metadata"."key" = $1 LIMIT $2[0m  [["key", "environment"], ["LIMIT", 1]]
  [1m[35m (0.2ms)[0m  [1m[35mBEGIN[0m
  [1m[35m (0.2ms)[0m  [1m[35mCOMMIT[0m
  [1m[36mActiveRecord::InternalMetadata Load (0.3ms)[0m  [1m[34mSELECT  "ar_internal_metadata".* FROM "ar_internal_metadata" WHERE "ar_internal_metadata"."key" = $1 LIMIT $2[0m  [["key", "environment"], ["LIMIT", 1]]
  [1m[35m (0.1ms)[0m  [1m[35mBEGIN[0m
  [1m[35m (0.1ms)[0m  [1m[35mCOMMIT[0m
  [1m[35mSQL (3.7ms)[0m  [1m[35mCREATE EXTENSION IF NOT EXISTS "plpgsql"[0m
  [1m[35m (2.3ms)[0m  [1m[35mDROP TABLE IF EXISTS "checkings" CASCADE[0m
  [1m[35m (68.4ms)[0m  [1m[35mCREATE TABLE "checkings" ("id" bigserial primary key, "name" character varying, "account_type" character varying, "current_balance" character varying, "operating_company_identifier" character varying, "product_code" character varying, "primary_identifier" character varying, "transaction_history" character varying, "user_id" bigint, "created_at" timestamp NOT NULL, "updated_at" timestamp NOT NULL)[0m
  [1m[35m (6.9ms)[0m  [1m[35mCREATE  INDEX  "index_checkings_on_user_id" ON "checkings"  ("user_id")[0m
  [1m[35m (0.3ms)[0m  [1m[35mDROP TABLE IF EXISTS "games" CASCADE[0m
  [1m[35m (15.0ms)[0m  [1m[35mCREATE TABLE "games" ("id" bigserial primary key, "transfer_amount" integer, "total_saved" integer, "tokens" integer, "user_id" bigint, "created_at" timestamp NOT NULL, "updated_at" timestamp NOT NULL)[0m
  [1m[35m (10.2ms)[0m  [1m[35mCREATE  INDEX  "index_games_on_user_id" ON "games"  ("user_id")[0m
  [1m[35m (0.4ms)[0m  [1m[35mDROP TABLE IF EXISTS "messages" CASCADE[0m
  [1m[35m (15.0ms)[0m  [1m[35mCREATE TABLE "messages" ("id" bigserial primary key, "body" text, "created_at" timestamp NOT NULL, "updated_at" timestamp NOT NULL)[0m
  [1m[35m (0.5ms)[0m  [1m[35mDROP TABLE IF EXISTS "savings" CASCADE[0m
  [1m[35m (9.4ms)[0m  [1m[35mCREATE TABLE "savings" ("id" bigserial primary key, "name" character varying, "account_type" character varying, "operating_company_identifier" character varying, "product_code" character varying, "primary_identifier" character varying, "transaction_history" character varying, "user_id" bigint, "created_at" timestamp NOT NULL, "updated_at" timestamp NOT NULL)[0m
  [1m[35m (4.3ms)[0m  [1m[35mCREATE  INDEX  "index_savings_on_user_id" ON "savings"  ("user_id")[0m
  [1m[35m (0.5ms)[0m  [1m[35mDROP TABLE IF EXISTS "users" CASCADE[0m
  [1m[35m (10.0ms)[0m  [1m[35mCREATE TABLE "users" ("id" bigserial primary key, "legal_participant_identifier" character varying, "first_name" character varying, "last_name" character varying, "username" character varying, "email" character varying, "password" character varying, "created_at" timestamp NOT NULL, "updated_at" timestamp NOT NULL)[0m
  [1m[35m (9.9ms)[0m  [1m[35mCREATE TABLE "schema_migrations" ("version" character varying NOT NULL PRIMARY KEY)[0m
  [1m[35m (2.9ms)[0m  [1m[34mSELECT "schema_migrations"."version" FROM "schema_migrations" ORDER BY "schema_migrations"."version" ASC[0m
  [1m[35m (10.8ms)[0m  [1m[32mINSERT INTO "schema_migrations" (version) VALUES (20171008080246)[0m
  [1m[35m (3.9ms)[0m  [1m[32mINSERT INTO "schema_migrations" (version) VALUES
(20171008033303),
(20171008032526),
(20171008031145),
(20171008031747);

[0m
  [1m[35m (9.4ms)[0m  [1m[35mCREATE TABLE "ar_internal_metadata" ("key" character varying NOT NULL PRIMARY KEY, "value" character varying, "created_at" timestamp NOT NULL, "updated_at" timestamp NOT NULL)[0m
  [1m[36mActiveRecord::InternalMetadata Load (0.7ms)[0m  [1m[34mSELECT  "ar_internal_metadata".* FROM "ar_internal_metadata" WHERE "ar_internal_metadata"."key" = $1 LIMIT $2[0m  [["key", "environment"], ["LIMIT", 1]]
  [1m[35m (0.2ms)[0m  [1m[35mBEGIN[0m
  [1m[35mSQL (8.6ms)[0m  [1m[32mINSERT INTO "ar_internal_metadata" ("key", "value", "created_at", "updated_at") VALUES ($1, $2, $3, $4) RETURNING "key"[0m  [["key", "environment"], ["value", "development"], ["created_at", "2018-01-24 09:27:09.634194"], ["updated_at", "2018-01-24 09:27:09.634194"]]
  [1m[35m (5.5ms)[0m  [1m[35mCOMMIT[0m
  [1m[36mActiveRecord::InternalMetadata Load (0.5ms)[0m  [1m[34mSELECT  "ar_internal_metadata".* FROM "ar_internal_metadata" WHERE "ar_internal_metadata"."key" = $1 LIMIT $2[0m  [["key", "environment"], ["LIMIT", 1]]
  [1m[35m (0.2ms)[0m  [1m[35mBEGIN[0m
  [1m[35m (0.2ms)[0m  [1m[35mCOMMIT[0m
  [1m[35m (1.4ms)[0m  [1m[34mSELECT "schema_migrations"."version" FROM "schema_migrations" ORDER BY "schema_migrations"."version" ASC[0m
  [1m[35mSQL (1.7ms)[0m  [1m[31mDELETE FROM "users"[0m
  [1m[35mSQL (0.7ms)[0m  [1m[31mDELETE FROM "games"[0m
  [1m[35m (0.3ms)[0m  [1m[35mBEGIN[0m
  [1m[35mSQL (1.3ms)[0m  [1m[32mINSERT INTO "users" ("legal_participant_identifier", "first_name", "last_name", "username", "email", "password", "created_at", "updated_at") VALUES ($1, $2, $3, $4, $5, $6, $7, $8) RETURNING "id"[0m  [["legal_participant_identifier", "00000000000000822943114"], ["first_name", "Kanji"], ["last_name", "Yomoda"], ["username", "Kanji Yomoda"], ["email", "kanji@kanji.com"], ["password", "password"], ["created_at", "2018-01-24 09:27:09.790862"], ["updated_at", "2018-01-24 09:27:09.790862"]]
  [1m[35m (4.5ms)[0m  [1m[35mCOMMIT[0m
  [1m[35m (0.2ms)[0m  [1m[35mBEGIN[0m
  [1m[36mUser Load (0.7ms)[0m  [1m[34mSELECT  "users".* FROM "users" WHERE "users"."id" = $1 LIMIT $2[0m  [["id", 1], ["LIMIT", 1]]
  [1m[35mSQL (1.9ms)[0m  [1m[32mINSERT INTO "games" ("transfer_amount", "total_saved", "tokens", "user_id", "created_at", "updated_at") VALUES ($1, $2, $3, $4, $5, $6) RETURNING "id"[0m  [["transfer_amount", 1000], ["total_saved", 400], ["tokens", 0], ["user_id", 1], ["created_at", "2018-01-24 09:27:09.844842"], ["updated_at", "2018-01-24 09:27:09.844842"]]
  [1m[35m (5.4ms)[0m  [1m[35mCOMMIT[0m
  [1m[35m (1.4ms)[0m  [1m[34mSELECT "schema_migrations"."version" FROM "schema_migrations" ORDER BY "schema_migrations"."version" ASC[0m
  [1m[35m (0.6ms)[0m  [1m[34mSELECT "ar_internal_metadata"."value" FROM "ar_internal_metadata" WHERE "ar_internal_metadata"."key" = $1[0m  [["key", "environment"]]
  [1m[35m (0.4ms)[0m  [1m[34mSELECT "schema_migrations"."version" FROM "schema_migrations" ORDER BY "schema_migrations"."version" ASC[0m
  [1m[35m (0.6ms)[0m  [1m[34mSELECT "ar_internal_metadata"."value" FROM "ar_internal_metadata" WHERE "ar_internal_metadata"."key" = $1[0m  [["key", "environment"]]
  [1m[35m (0.4ms)[0m  [1m[34mSELECT "schema_migrations"."version" FROM "schema_migrations" ORDER BY "schema_migrations"."version" ASC[0m
  [1m[35m (0.4ms)[0m  [1m[34mSELECT "ar_internal_metadata"."value" FROM "ar_internal_metadata" WHERE "ar_internal_metadata"."key" = $1[0m  [["key", "environment"]]
  [1m[35m (266.8ms)[0m  [1m[35mDROP DATABASE IF EXISTS "rails-app_development"[0m
  [1m[35m (281.8ms)[0m  [1m[35mDROP DATABASE IF EXISTS "rails-app_test"[0m
  [1m[35m (35.8ms)[0m  [1m[35mCREATE TABLE "schema_migrations" ("version" character varying NOT NULL PRIMARY KEY)[0m
  [1m[35m (25.7ms)[0m  [1m[35mCREATE TABLE "ar_internal_metadata" ("key" character varying NOT NULL PRIMARY KEY, "value" character varying, "created_at" timestamp NOT NULL, "updated_at" timestamp NOT NULL)[0m
  [1m[35m (3.5ms)[0m  [1m[34mSELECT "schema_migrations"."version" FROM "schema_migrations" ORDER BY "schema_migrations"."version" ASC[0m
  [1m[35m (1.4ms)[0m  [1m[34mSELECT "schema_migrations"."version" FROM "schema_migrations" ORDER BY "schema_migrations"."version" ASC[0m
Started GET "/" for 127.0.0.1 at 2018-01-24 01:38:12 -0800
  [1m[35m (1.3ms)[0m  [1m[34mSELECT "schema_migrations"."version" FROM "schema_migrations" ORDER BY "schema_migrations"."version" ASC[0m
  
ActiveRecord::PendingMigrationError (

Migrations are pending. To resolve this issue, run:

        bin/rails db:migrate RAILS_ENV=development

):
  
activerecord (5.1.4) lib/active_record/migration.rb:576:in `check_pending!'
activerecord (5.1.4) lib/active_record/migration.rb:553:in `call'
actionpack (5.1.4) lib/action_dispatch/middleware/callbacks.rb:26:in `block in call'
activesupport (5.1.4) lib/active_support/callbacks.rb:97:in `run_callbacks'
actionpack (5.1.4) lib/action_dispatch/middleware/callbacks.rb:24:in `call'
actionpack (5.1.4) lib/action_dispatch/middleware/executor.rb:12:in `call'
actionpack (5.1.4) lib/action_dispatch/middleware/debug_exceptions.rb:59:in `call'
web-console (3.5.1) lib/web_console/middleware.rb:135:in `call_app'
web-console (3.5.1) lib/web_console/middleware.rb:28:in `block in call'
web-console (3.5.1) lib/web_console/middleware.rb:18:in `catch'
web-console (3.5.1) lib/web_console/middleware.rb:18:in `call'
actionpack (5.1.4) lib/action_dispatch/middleware/show_exceptions.rb:31:in `call'
railties (5.1.4) lib/rails/rack/logger.rb:36:in `call_app'
railties (5.1.4) lib/rails/rack/logger.rb:24:in `block in call'
activesupport (5.1.4) lib/active_support/tagged_logging.rb:69:in `block in tagged'
activesupport (5.1.4) lib/active_support/tagged_logging.rb:26:in `tagged'
activesupport (5.1.4) lib/active_support/tagged_logging.rb:69:in `tagged'
railties (5.1.4) lib/rails/rack/logger.rb:24:in `call'
sprockets-rails (3.2.1) lib/sprockets/rails/quiet_assets.rb:13:in `call'
actionpack (5.1.4) lib/action_dispatch/middleware/remote_ip.rb:79:in `call'
actionpack (5.1.4) lib/action_dispatch/middleware/request_id.rb:25:in `call'
rack (2.0.3) lib/rack/method_override.rb:22:in `call'
rack (2.0.3) lib/rack/runtime.rb:22:in `call'
activesupport (5.1.4) lib/active_support/cache/strategy/local_cache_middleware.rb:27:in `call'
actionpack (5.1.4) lib/action_dispatch/middleware/executor.rb:12:in `call'
actionpack (5.1.4) lib/action_dispatch/middleware/static.rb:125:in `call'
rack (2.0.3) lib/rack/sendfile.rb:111:in `call'
railties (5.1.4) lib/rails/engine.rb:522:in `call'
puma (3.10.0) lib/puma/configuration.rb:225:in `call'
puma (3.10.0) lib/puma/server.rb:605:in `handle_request'
puma (3.10.0) lib/puma/server.rb:437:in `process_client'
puma (3.10.0) lib/puma/server.rb:301:in `block in run'
puma (3.10.0) lib/puma/thread_pool.rb:120:in `block in spawn_thread'
  [1m[35m (1.1ms)[0m  [1m[34mSELECT "schema_migrations"."version" FROM "schema_migrations" ORDER BY "schema_migrations"."version" ASC[0m
  [1m[35m (0.4ms)[0m  [1m[34mSELECT "schema_migrations"."version" FROM "schema_migrations" ORDER BY "schema_migrations"."version" ASC[0m
  [1m[35m (219.2ms)[0m  [1m[35mDROP DATABASE IF EXISTS "rails-app_development"[0m
  [1m[35m (219.7ms)[0m  [1m[35mDROP DATABASE IF EXISTS "rails-app_test"[0m
  [1m[35m (33.3ms)[0m  [1m[35mCREATE TABLE "schema_migrations" ("version" character varying NOT NULL PRIMARY KEY)[0m
  [1m[35m (29.7ms)[0m  [1m[35mCREATE TABLE "ar_internal_metadata" ("key" character varying NOT NULL PRIMARY KEY, "value" character varying, "created_at" timestamp NOT NULL, "updated_at" timestamp NOT NULL)[0m
  [1m[35m (10.5ms)[0m  [1m[34mSELECT pg_try_advisory_lock(8204870258388354285)[0m
  [1m[35m (3.1ms)[0m  [1m[34mSELECT "schema_migrations"."version" FROM "schema_migrations" ORDER BY "schema_migrations"."version" ASC[0m
Migrating to CreateUsers (20171008031145)
  [1m[35m (0.2ms)[0m  [1m[35mBEGIN[0m
  [1m[35m (33.2ms)[0m  [1m[35mCREATE TABLE "users" ("id" bigserial primary key, "legal_participant_identifier" character varying, "first_name" character varying, "last_name" character varying, "username" character varying, "email" character varying, "password" character varying, "created_at" timestamp NOT NULL, "updated_at" timestamp NOT NULL)[0m
  [1m[35mSQL (0.8ms)[0m  [1m[32mINSERT INTO "schema_migrations" ("version") VALUES ($1) RETURNING "version"[0m  [["version", "20171008031145"]]
  [1m[35m (2.5ms)[0m  [1m[35mCOMMIT[0m
Migrating to CreateMessages (20171008031747)
  [1m[35m (5.8ms)[0m  [1m[35mBEGIN[0m
  [1m[35m (18.1ms)[0m  [1m[35mCREATE TABLE "messages" ("id" bigserial primary key, "body" text, "created_at" timestamp NOT NULL, "updated_at" timestamp NOT NULL)[0m
  [1m[35mSQL (0.5ms)[0m  [1m[32mINSERT INTO "schema_migrations" ("version") VALUES ($1) RETURNING "version"[0m  [["version", "20171008031747"]]
  [1m[35m (2.5ms)[0m  [1m[35mCOMMIT[0m
Migrating to CreateCheckings (20171008032526)
  [1m[35m (6.2ms)[0m  [1m[35mBEGIN[0m
  [1m[35m (17.3ms)[0m  [1m[35mCREATE TABLE "checkings" ("id" bigserial primary key, "name" character varying, "account_type" character varying, "current_balance" character varying, "operating_company_identifier" character varying, "product_code" character varying, "primary_identifier" character varying, "transaction_history" character varying, "user_id" bigint, "created_at" timestamp NOT NULL, "updated_at" timestamp NOT NULL)[0m
  [1m[35m (3.4ms)[0m  [1m[35mCREATE  INDEX  "index_checkings_on_user_id" ON "checkings"  ("user_id")[0m
  [1m[35mSQL (0.4ms)[0m  [1m[32mINSERT INTO "schema_migrations" ("version") VALUES ($1) RETURNING "version"[0m  [["version", "20171008032526"]]
  [1m[35m (2.3ms)[0m  [1m[35mCOMMIT[0m
Migrating to CreateSavings (20171008033303)
  [1m[35m (6.1ms)[0m  [1m[35mBEGIN[0m
  [1m[35m (21.5ms)[0m  [1m[35mCREATE TABLE "savings" ("id" bigserial primary key, "name" character varying, "account_type" character varying, "operating_company_identifier" character varying, "product_code" character varying, "primary_identifier" character varying, "transaction_history" character varying, "user_id" bigint, "created_at" timestamp NOT NULL, "updated_at" timestamp NOT NULL)[0m
  [1m[35m (3.0ms)[0m  [1m[35mCREATE  INDEX  "index_savings_on_user_id" ON "savings"  ("user_id")[0m
  [1m[35mSQL (0.5ms)[0m  [1m[32mINSERT INTO "schema_migrations" ("version") VALUES ($1) RETURNING "version"[0m  [["version", "20171008033303"]]
  [1m[35m (2.3ms)[0m  [1m[35mCOMMIT[0m
Migrating to CreateGames (20171008080246)
  [1m[35m (5.9ms)[0m  [1m[35mBEGIN[0m
  [1m[35m (11.5ms)[0m  [1m[35mCREATE TABLE "games" ("id" bigserial primary key, "transfer_amount" integer, "total_saved" integer, "tokens" integer, "user_id" bigint, "created_at" timestamp NOT NULL, "updated_at" timestamp NOT NULL)[0m
  [1m[35m (3.5ms)[0m  [1m[35mCREATE  INDEX  "index_games_on_user_id" ON "games"  ("user_id")[0m
  [1m[35mSQL (0.4ms)[0m  [1m[32mINSERT INTO "schema_migrations" ("version") VALUES ($1) RETURNING "version"[0m  [["version", "20171008080246"]]
  [1m[35m (2.2ms)[0m  [1m[35mCOMMIT[0m
  [1m[36mActiveRecord::InternalMetadata Load (0.6ms)[0m  [1m[34mSELECT  "ar_internal_metadata".* FROM "ar_internal_metadata" WHERE "ar_internal_metadata"."key" = $1 LIMIT $2[0m  [["key", "environment"], ["LIMIT", 1]]
  [1m[35m (0.2ms)[0m  [1m[35mBEGIN[0m
  [1m[35mSQL (1.3ms)[0m  [1m[32mINSERT INTO "ar_internal_metadata" ("key", "value", "created_at", "updated_at") VALUES ($1, $2, $3, $4) RETURNING "key"[0m  [["key", "environment"], ["value", "development"], ["created_at", "2018-01-24 09:39:42.077834"], ["updated_at", "2018-01-24 09:39:42.077834"]]
  [1m[35m (2.2ms)[0m  [1m[35mCOMMIT[0m
  [1m[35m (0.4ms)[0m  [1m[34mSELECT pg_advisory_unlock(8204870258388354285)[0m
  [1m[35m (0.5ms)[0m  [1m[34mSELECT "schema_migrations"."version" FROM "schema_migrations" ORDER BY "schema_migrations"."version" ASC[0m
  [1m[35m (1.3ms)[0m  [1m[34mSELECT "schema_migrations"."version" FROM "schema_migrations" ORDER BY "schema_migrations"."version" ASC[0m
  [1m[35mSQL (6.1ms)[0m  [1m[31mDELETE FROM "users"[0m
  [1m[35mSQL (12.4ms)[0m  [1m[31mDELETE FROM "games"[0m
  [1m[35m (0.2ms)[0m  [1m[35mBEGIN[0m
  [1m[35mSQL (1.0ms)[0m  [1m[32mINSERT INTO "users" ("legal_participant_identifier", "first_name", "last_name", "username", "email", "password", "created_at", "updated_at") VALUES ($1, $2, $3, $4, $5, $6, $7, $8) RETURNING "id"[0m  [["legal_participant_identifier", "00000000000000822943114"], ["first_name", "Kanji"], ["last_name", "Yomoda"], ["username", "Kanji Yomoda"], ["email", "kanji@kanji.com"], ["password", "password"], ["created_at", "2018-01-24 09:39:53.009484"], ["updated_at", "2018-01-24 09:39:53.009484"]]
  [1m[35m (2.1ms)[0m  [1m[35mCOMMIT[0m
  [1m[35m (0.3ms)[0m  [1m[35mBEGIN[0m
  [1m[36mUser Load (0.4ms)[0m  [1m[34mSELECT  "users".* FROM "users" WHERE "users"."id" = $1 LIMIT $2[0m  [["id", 1], ["LIMIT", 1]]
  [1m[35mSQL (1.1ms)[0m  [1m[32mINSERT INTO "games" ("transfer_amount", "total_saved", "tokens", "user_id", "created_at", "updated_at") VALUES ($1, $2, $3, $4, $5, $6) RETURNING "id"[0m  [["transfer_amount", 1000], ["total_saved", 400], ["tokens", 0], ["user_id", 1], ["created_at", "2018-01-24 09:39:53.068444"], ["updated_at", "2018-01-24 09:39:53.068444"]]
  [1m[35m (5.7ms)[0m  [1m[35mCOMMIT[0m
  [1m[35m (1.1ms)[0m  [1m[34mSELECT "schema_migrations"."version" FROM "schema_migrations" ORDER BY "schema_migrations"."version" ASC[0m
  [1m[35mSQL (12.0ms)[0m  [1m[31mDELETE FROM "users"[0m
  [1m[35mSQL (6.1ms)[0m  [1m[31mDELETE FROM "games"[0m
  [1m[35m (0.2ms)[0m  [1m[35mBEGIN[0m
  [1m[35mSQL (0.8ms)[0m  [1m[32mINSERT INTO "users" ("legal_participant_identifier", "first_name", "last_name", "username", "email", "password", "created_at", "updated_at") VALUES ($1, $2, $3, $4, $5, $6, $7, $8) RETURNING "id"[0m  [["legal_participant_identifier", "00000000000000822943114"], ["first_name", "Kanji"], ["last_name", "Yomoda"], ["username", "Kanji Yomoda"], ["email", "kanji@kanji.com"], ["password", "password"], ["created_at", "2018-01-24 09:41:15.756255"], ["updated_at", "2018-01-24 09:41:15.756255"]]
  [1m[35m (2.3ms)[0m  [1m[35mCOMMIT[0m
  [1m[35m (0.2ms)[0m  [1m[35mBEGIN[0m
  [1m[36mUser Load (0.3ms)[0m  [1m[34mSELECT  "users".* FROM "users" WHERE "users"."id" = $1 LIMIT $2[0m  [["id", 1], ["LIMIT", 1]]
  [1m[35m (0.3ms)[0m  [1m[31mROLLBACK[0m
Started GET "/" for 127.0.0.1 at 2018-01-24 01:41:28 -0800
  [1m[35m (1.4ms)[0m  [1m[34mSELECT "schema_migrations"."version" FROM "schema_migrations" ORDER BY "schema_migrations"."version" ASC[0m
Processing by UsersController#index as HTML
  [1m[36mUser Load (0.6ms)[0m  [1m[34mSELECT  "users".* FROM "users" ORDER BY "users"."id" ASC LIMIT $1[0m  [["LIMIT", 1]]
  [1m[36mGame Load (0.5ms)[0m  [1m[34mSELECT  "games".* FROM "games" WHERE "games"."user_id" = $1 ORDER BY "games"."id" ASC LIMIT $2[0m  [["user_id", 2], ["LIMIT", 1]]
Completed 500 Internal Server Error in 969ms (ActiveRecord: 15.7ms)


  
NoMethodError (undefined method `[]' for nil:NilClass):
  
app/controllers/users_controller.rb:17:in `index'
Started GET "/" for 127.0.0.1 at 2018-01-24 01:43:43 -0800
Started GET "/" for 127.0.0.1 at 2018-01-24 01:43:53 -0800
Processing by UsersController#index as HTML
  [1m[36mUser Load (0.7ms)[0m  [1m[34mSELECT  "users".* FROM "users" ORDER BY "users"."id" ASC LIMIT $1[0m  [["LIMIT", 1]]
  [1m[36mGame Load (1.0ms)[0m  [1m[34mSELECT  "games".* FROM "games" WHERE "games"."user_id" = $1 ORDER BY "games"."id" ASC LIMIT $2[0m  [["user_id", 2], ["LIMIT", 1]]
Completed 500 Internal Server Error in 1065ms (ActiveRecord: 1.7ms)


  
NoMethodError (undefined method `[]' for nil:NilClass):
  
app/controllers/users_controller.rb:18:in `index'
Processing by UsersController#index as HTML
  [1m[36mUser Load (0.9ms)[0m  [1m[34mSELECT  "users".* FROM "users" ORDER BY "users"."id" ASC LIMIT $1[0m  [["LIMIT", 1]]
  [1m[36mGame Load (0.6ms)[0m  [1m[34mSELECT  "games".* FROM "games" WHERE "games"."user_id" = $1 ORDER BY "games"."id" ASC LIMIT $2[0m  [["user_id", 2], ["LIMIT", 1]]
Completed 500 Internal Server Error in 172ms (ActiveRecord: 1.5ms)


  
NoMethodError (undefined method `[]' for nil:NilClass):
  
app/controllers/users_controller.rb:18:in `index'
Started GET "/" for 127.0.0.1 at 2018-01-24 01:43:58 -0800
Processing by UsersController#index as HTML
  [1m[36mUser Load (2.6ms)[0m  [1m[34mSELECT  "users".* FROM "users" ORDER BY "users"."id" ASC LIMIT $1[0m  [["LIMIT", 1]]
  [1m[36mGame Load (1.1ms)[0m  [1m[34mSELECT  "games".* FROM "games" WHERE "games"."user_id" = $1 ORDER BY "games"."id" ASC LIMIT $2[0m  [["user_id", 2], ["LIMIT", 1]]
Completed 500 Internal Server Error in 383ms (ActiveRecord: 3.7ms)


  
NoMethodError (undefined method `[]' for nil:NilClass):
  
app/controllers/users_controller.rb:18:in `index'
Started GET "/" for 127.0.0.1 at 2018-01-24 01:44:17 -0800
Processing by UsersController#index as HTML
  [1m[36mUser Load (0.7ms)[0m  [1m[34mSELECT  "users".* FROM "users" ORDER BY "users"."id" ASC LIMIT $1[0m  [["LIMIT", 1]]
  [1m[36mGame Load (0.5ms)[0m  [1m[34mSELECT  "games".* FROM "games" WHERE "games"."user_id" = $1 ORDER BY "games"."id" ASC LIMIT $2[0m  [["user_id", 2], ["LIMIT", 1]]
  Rendering users/index.html.erb within layouts/application
  Rendered users/index.html.erb within layouts/application (1.1ms)
Completed 200 OK in 10458ms (Views: 8113.4ms | ActiveRecord: 19.5ms)


Started GET "/users" for 127.0.0.1 at 2018-01-24 01:44:35 -0800
Processing by UsersController#index as HTML
  [1m[36mUser Load (1.6ms)[0m  [1m[34mSELECT  "users".* FROM "users" ORDER BY "users"."id" ASC LIMIT $1[0m  [["LIMIT", 1]]
  [1m[36mGame Load (0.6ms)[0m  [1m[34mSELECT  "games".* FROM "games" WHERE "games"."user_id" = $1 ORDER BY "games"."id" ASC LIMIT $2[0m  [["user_id", 2], ["LIMIT", 1]]
  Rendering users/index.html.erb within layouts/application
  Rendered users/index.html.erb within layouts/application (1.0ms)
Completed 200 OK in 258ms (Views: 53.0ms | ActiveRecord: 2.2ms)


Started GET "/cable" for 127.0.0.1 at 2018-01-24 01:44:36 -0800
Started GET "/cable/" [WebSocket] for 127.0.0.1 at 2018-01-24 01:44:36 -0800
Successfully upgraded to WebSocket (REQUEST_METHOD: GET, HTTP_CONNECTION: Upgrade, HTTP_UPGRADE: websocket)
Finished "/cable/" [WebSocket] for 127.0.0.1 at 2018-01-24 01:44:39 -0800
Started GET "/cable" for 127.0.0.1 at 2018-01-24 01:44:39 -0800
Started GET "/cable/" [WebSocket] for 127.0.0.1 at 2018-01-24 01:44:39 -0800
Successfully upgraded to WebSocket (REQUEST_METHOD: GET, HTTP_CONNECTION: Upgrade, HTTP_UPGRADE: websocket)
Finished "/cable/" [WebSocket] for 127.0.0.1 at 2018-01-24 01:44:39 -0800
Started GET "/poker_rooms/1" for 127.0.0.1 at 2018-01-24 01:44:43 -0800
Processing by PokerRoomsController#show as HTML
  Parameters: {"id"=>"1"}
  [1m[36mUser Load (1.0ms)[0m  [1m[34mSELECT  "users".* FROM "users" ORDER BY "users"."id" ASC LIMIT $1[0m  [["LIMIT", 1]]
  Rendering poker_rooms/show.html.erb within layouts/application
  Rendered poker_rooms/show.html.erb within layouts/application (2.6ms)
Completed 200 OK in 586ms (Views: 53.9ms | ActiveRecord: 1.0ms)


Started GET "/cable" for 127.0.0.1 at 2018-01-24 01:44:43 -0800
Started GET "/cable/" [WebSocket] for 127.0.0.1 at 2018-01-24 01:44:43 -0800
Successfully upgraded to WebSocket (REQUEST_METHOD: GET, HTTP_CONNECTION: Upgrade, HTTP_UPGRADE: websocket)
Finished "/cable/" [WebSocket] for 127.0.0.1 at 2018-01-24 01:44:43 -0800
Started GET "/cable" for 127.0.0.1 at 2018-01-24 01:44:46 -0800
Started GET "/cable/" [WebSocket] for 127.0.0.1 at 2018-01-24 01:44:46 -0800
Successfully upgraded to WebSocket (REQUEST_METHOD: GET, HTTP_CONNECTION: Upgrade, HTTP_UPGRADE: websocket)
ChatChannel is transmitting the subscription confirmation
ChatChannel is streaming from chat_channel
ChatChannel#speak({"message"=>"hi\n"})
[ActionCable] Broadcasting to chat_channel: {:message=>"hi\n"}
ChatChannel transmitting {"message"=>"hi\n"} (via streamed from chat_channel)
ChatChannel#speak({"message"=>"hello!"})
[ActionCable] Broadcasting to chat_channel: {:message=>"hello!"}
ChatChannel transmitting {"message"=>"hello!"} (via streamed from chat_channel)
Started GET "/users" for 127.0.0.1 at 2018-01-24 01:46:21 -0800
Processing by UsersController#index as HTML
  [1m[36mUser Load (1.1ms)[0m  [1m[34mSELECT  "users".* FROM "users" ORDER BY "users"."id" ASC LIMIT $1[0m  [["LIMIT", 1]]
  [1m[36mGame Load (0.8ms)[0m  [1m[34mSELECT  "games".* FROM "games" WHERE "games"."user_id" = $1 ORDER BY "games"."id" ASC LIMIT $2[0m  [["user_id", 2], ["LIMIT", 1]]
  Rendering users/index.html.erb within layouts/application
  Rendered users/index.html.erb within layouts/application (3.8ms)
Completed 200 OK in 743ms (Views: 121.3ms | ActiveRecord: 1.9ms)


Finished "/cable/" [WebSocket] for 127.0.0.1 at 2018-01-24 01:46:22 -0800
ChatChannel stopped streaming from chat_channel
Started GET "/cable" for 127.0.0.1 at 2018-01-24 01:46:23 -0800
Started GET "/cable/" [WebSocket] for 127.0.0.1 at 2018-01-24 01:46:23 -0800
Successfully upgraded to WebSocket (REQUEST_METHOD: GET, HTTP_CONNECTION: Upgrade, HTTP_UPGRADE: websocket)
ChatChannel is transmitting the subscription confirmation
ChatChannel is streaming from chat_channel
  [1m[35m (0.4ms)[0m  [1m[34mSELECT pg_try_advisory_lock(8204870258388354285)[0m
  [1m[35m (1.2ms)[0m  [1m[34mSELECT "schema_migrations"."version" FROM "schema_migrations" ORDER BY "schema_migrations"."version" ASC[0m
  [1m[36mActiveRecord::InternalMetadata Load (6.3ms)[0m  [1m[34mSELECT  "ar_internal_metadata".* FROM "ar_internal_metadata" WHERE "ar_internal_metadata"."key" = $1 LIMIT $2[0m  [["key", "environment"], ["LIMIT", 1]]
  [1m[35m (0.3ms)[0m  [1m[35mBEGIN[0m
  [1m[35m (0.3ms)[0m  [1m[35mCOMMIT[0m
  [1m[35m (0.4ms)[0m  [1m[34mSELECT pg_advisory_unlock(8204870258388354285)[0m
  [1m[35m (0.4ms)[0m  [1m[34mSELECT "schema_migrations"."version" FROM "schema_migrations" ORDER BY "schema_migrations"."version" ASC[0m
Started GET "/cable" for 127.0.0.1 at 2018-01-24 01:49:41 -0800
  [1m[35m (1.9ms)[0m  [1m[34mSELECT "schema_migrations"."version" FROM "schema_migrations" ORDER BY "schema_migrations"."version" ASC[0m
Started GET "/cable/" [WebSocket] for 127.0.0.1 at 2018-01-24 01:49:42 -0800
Successfully upgraded to WebSocket (REQUEST_METHOD: GET, HTTP_CONNECTION: Upgrade, HTTP_UPGRADE: websocket)
Finished "/cable/" [WebSocket] for 127.0.0.1 at 2018-01-24 01:49:44 -0800
Started GET "/" for 127.0.0.1 at 2018-01-24 01:49:50 -0800
Processing by UsersController#index as HTML
  [1m[36mUser Load (1.3ms)[0m  [1m[34mSELECT  "users".* FROM "users" ORDER BY "users"."id" ASC LIMIT $1[0m  [["LIMIT", 1]]
  [1m[36mGame Load (1.1ms)[0m  [1m[34mSELECT  "games".* FROM "games" WHERE "games"."user_id" = $1 ORDER BY "games"."id" ASC LIMIT $2[0m  [["user_id", 2], ["LIMIT", 1]]
  Rendering users/index.html.erb within layouts/application
  Rendered users/index.html.erb within layouts/application (4.1ms)
Completed 200 OK in 1655ms (Views: 863.2ms | ActiveRecord: 27.7ms)


Started GET "/poker_rooms/1" for 127.0.0.1 at 2018-01-24 01:50:09 -0800
Processing by PokerRoomsController#show as HTML
  Parameters: {"id"=>"1"}
  [1m[36mUser Load (0.8ms)[0m  [1m[34mSELECT  "users".* FROM "users" ORDER BY "users"."id" ASC LIMIT $1[0m  [["LIMIT", 1]]
  Rendering poker_rooms/show.html.erb within layouts/application
  Rendered poker_rooms/show.html.erb within layouts/application (3.9ms)
Completed 200 OK in 486ms (Views: 69.4ms | ActiveRecord: 0.8ms)


Started GET "/cable" for 127.0.0.1 at 2018-01-24 01:50:17 -0800
Started GET "/cable/" [WebSocket] for 127.0.0.1 at 2018-01-24 01:50:17 -0800
Successfully upgraded to WebSocket (REQUEST_METHOD: GET, HTTP_CONNECTION: Upgrade, HTTP_UPGRADE: websocket)
Started GET "/cable" for 127.0.0.1 at 2018-01-24 01:50:18 -0800
Started GET "/cable/" [WebSocket] for 127.0.0.1 at 2018-01-24 01:50:18 -0800
Successfully upgraded to WebSocket (REQUEST_METHOD: GET, HTTP_CONNECTION: Upgrade, HTTP_UPGRADE: websocket)
Started GET "/cable" for 127.0.0.1 at 2018-01-24 01:50:21 -0800
Started GET "/cable/" [WebSocket] for 127.0.0.1 at 2018-01-24 01:50:21 -0800
Successfully upgraded to WebSocket (REQUEST_METHOD: GET, HTTP_CONNECTION: Upgrade, HTTP_UPGRADE: websocket)
Started GET "/cable" for 127.0.0.1 at 2018-01-24 01:50:24 -0800
Started GET "/cable/" [WebSocket] for 127.0.0.1 at 2018-01-24 01:50:24 -0800
Successfully upgraded to WebSocket (REQUEST_METHOD: GET, HTTP_CONNECTION: Upgrade, HTTP_UPGRADE: websocket)
Finished "/cable/" [WebSocket] for 127.0.0.1 at 2018-01-24 01:50:24 -0800
Finished "/cable/" [WebSocket] for 127.0.0.1 at 2018-01-24 01:50:26 -0800
Started GET "/cable" for 127.0.0.1 at 2018-01-24 01:50:29 -0800
Started GET "/cable/" [WebSocket] for 127.0.0.1 at 2018-01-24 01:50:29 -0800
Successfully upgraded to WebSocket (REQUEST_METHOD: GET, HTTP_CONNECTION: Upgrade, HTTP_UPGRADE: websocket)
Finished "/cable/" [WebSocket] for 127.0.0.1 at 2018-01-24 01:50:30 -0800
ChatChannel is transmitting the subscription confirmation
ChatChannel is streaming from chat_channel
Finished "/cable/" [WebSocket] for 127.0.0.1 at 2018-01-24 01:50:33 -0800
Started GET "/cable" for 127.0.0.1 at 2018-01-24 01:50:33 -0800
Started GET "/cable/" [WebSocket] for 127.0.0.1 at 2018-01-24 01:50:33 -0800
Started GET "/cable" for 127.0.0.1 at 2018-01-24 01:50:33 -0800
Started GET "/cable" for 127.0.0.1 at 2018-01-24 01:50:33 -0800
Successfully upgraded to WebSocket (REQUEST_METHOD: GET, HTTP_CONNECTION: Upgrade, HTTP_UPGRADE: websocket)
Started GET "/cable/" [WebSocket] for 127.0.0.1 at 2018-01-24 01:50:33 -0800
Started GET "/cable/" [WebSocket] for 127.0.0.1 at 2018-01-24 01:50:33 -0800
Successfully upgraded to WebSocket (REQUEST_METHOD: GET, HTTP_CONNECTION: Upgrade, HTTP_UPGRADE: websocket)
Finished "/cable/" [WebSocket] for 127.0.0.1 at 2018-01-24 01:50:33 -0800
Successfully upgraded to WebSocket (REQUEST_METHOD: GET, HTTP_CONNECTION: Upgrade, HTTP_UPGRADE: websocket)
Finished "/cable/" [WebSocket] for 127.0.0.1 at 2018-01-24 01:50:33 -0800
ChatChannel is transmitting the subscription confirmation
ChatChannel is streaming from chat_channel
Started GET "/poker_rooms/1" for 127.0.0.1 at 2018-01-24 01:50:37 -0800
Processing by PokerRoomsController#show as HTML
  Parameters: {"id"=>"1"}
  [1m[36mUser Load (0.6ms)[0m  [1m[34mSELECT  "users".* FROM "users" ORDER BY "users"."id" ASC LIMIT $1[0m  [["LIMIT", 1]]
  Rendering poker_rooms/show.html.erb within layouts/application
  Rendered poker_rooms/show.html.erb within layouts/application (3.0ms)
Completed 200 OK in 445ms (Views: 47.9ms | ActiveRecord: 0.6ms)


Finished "/cable/" [WebSocket] for 127.0.0.1 at 2018-01-24 01:50:37 -0800
ChatChannel stopped streaming from chat_channel
Started GET "/cable" for 127.0.0.1 at 2018-01-24 01:50:38 -0800
Started GET "/cable/" [WebSocket] for 127.0.0.1 at 2018-01-24 01:50:38 -0800
Successfully upgraded to WebSocket (REQUEST_METHOD: GET, HTTP_CONNECTION: Upgrade, HTTP_UPGRADE: websocket)
ChatChannel is transmitting the subscription confirmation
ChatChannel is streaming from chat_channel
Started GET "/users" for 127.0.0.1 at 2018-01-24 01:50:41 -0800
Processing by UsersController#index as HTML
  [1m[36mUser Load (1.9ms)[0m  [1m[34mSELECT  "users".* FROM "users" ORDER BY "users"."id" ASC LIMIT $1[0m  [["LIMIT", 1]]
  [1m[36mGame Load (1.3ms)[0m  [1m[34mSELECT  "games".* FROM "games" WHERE "games"."user_id" = $1 ORDER BY "games"."id" ASC LIMIT $2[0m  [["user_id", 2], ["LIMIT", 1]]
  Rendering users/index.html.erb within layouts/application
  Rendered users/index.html.erb within layouts/application (3.7ms)
Completed 200 OK in 213ms (Views: 48.8ms | ActiveRecord: 3.2ms)


Finished "/cable/" [WebSocket] for 127.0.0.1 at 2018-01-24 01:50:41 -0800
ChatChannel stopped streaming from chat_channel
Started GET "/cable" for 127.0.0.1 at 2018-01-24 01:50:41 -0800
Started GET "/cable/" [WebSocket] for 127.0.0.1 at 2018-01-24 01:50:41 -0800
Successfully upgraded to WebSocket (REQUEST_METHOD: GET, HTTP_CONNECTION: Upgrade, HTTP_UPGRADE: websocket)
ChatChannel is transmitting the subscription confirmation
ChatChannel is streaming from chat_channel
Started GET "/users" for 127.0.0.1 at 2018-01-24 01:51:04 -0800
Processing by UsersController#index as HTML
  [1m[36mUser Load (0.5ms)[0m  [1m[34mSELECT  "users".* FROM "users" ORDER BY "users"."id" ASC LIMIT $1[0m  [["LIMIT", 1]]
  [1m[36mGame Load (0.5ms)[0m  [1m[34mSELECT  "games".* FROM "games" WHERE "games"."user_id" = $1 ORDER BY "games"."id" ASC LIMIT $2[0m  [["user_id", 2], ["LIMIT", 1]]
  Rendering users/index.html.erb within layouts/application
  Rendered users/index.html.erb within layouts/application (1.2ms)
Completed 200 OK in 798ms (Views: 59.1ms | ActiveRecord: 1.0ms)


Finished "/cable/" [WebSocket] for 127.0.0.1 at 2018-01-24 01:51:05 -0800
ChatChannel stopped streaming from chat_channel
Started GET "/cable" for 127.0.0.1 at 2018-01-24 01:51:06 -0800
Started GET "/cable/" [WebSocket] for 127.0.0.1 at 2018-01-24 01:51:06 -0800
Successfully upgraded to WebSocket (REQUEST_METHOD: GET, HTTP_CONNECTION: Upgrade, HTTP_UPGRADE: websocket)
ChatChannel is transmitting the subscription confirmation
ChatChannel is streaming from chat_channel
Started GET "/poker_rooms/1" for 127.0.0.1 at 2018-01-24 01:52:15 -0800
Processing by PokerRoomsController#show as HTML
  Parameters: {"id"=>"1"}
  [1m[36mUser Load (0.9ms)[0m  [1m[34mSELECT  "users".* FROM "users" ORDER BY "users"."id" ASC LIMIT $1[0m  [["LIMIT", 1]]
  Rendering poker_rooms/show.html.erb within layouts/application
  Rendered poker_rooms/show.html.erb within layouts/application (3.0ms)
Completed 200 OK in 576ms (Views: 106.6ms | ActiveRecord: 0.9ms)


Finished "/cable/" [WebSocket] for 127.0.0.1 at 2018-01-24 01:52:15 -0800
ChatChannel stopped streaming from chat_channel
Started GET "/cable" for 127.0.0.1 at 2018-01-24 01:52:17 -0800
Started GET "/cable/" [WebSocket] for 127.0.0.1 at 2018-01-24 01:52:17 -0800
Successfully upgraded to WebSocket (REQUEST_METHOD: GET, HTTP_CONNECTION: Upgrade, HTTP_UPGRADE: websocket)
ChatChannel is transmitting the subscription confirmation
ChatChannel is streaming from chat_channel
ChatChannel#speak({"message"=>"Hi"})
[ActionCable] Broadcasting to chat_channel: {:message=>"Hi"}
ChatChannel transmitting {"message"=>"Hi"} (via streamed from chat_channel)
ChatChannel transmitting {"message"=>"Hi"} (via streamed from chat_channel)
ChatChannel#speak({"message"=>"How are you!"})
[ActionCable] Broadcasting to chat_channel: {:message=>"How are you!"}
ChatChannel transmitting {"message"=>"How are you!"} (via streamed from chat_channel)
ChatChannel transmitting {"message"=>"How are you!"} (via streamed from chat_channel)
ChatChannel#speak({"message"=>"I am fine"})
[ActionCable] Broadcasting to chat_channel: {:message=>"I am fine"}
ChatChannel transmitting {"message"=>"I am fine"} (via streamed from chat_channel)
ChatChannel transmitting {"message"=>"I am fine"} (via streamed from chat_channel)
Finished "/cable/" [WebSocket] for 127.0.0.1 at 2018-01-24 01:55:27 -0800
ChatChannel stopped streaming from chat_channel
Started GET "/cable" for 127.0.0.1 at 2018-01-24 01:55:29 -0800
Started GET "/cable/" [WebSocket] for 127.0.0.1 at 2018-01-24 01:55:29 -0800
Successfully upgraded to WebSocket (REQUEST_METHOD: GET, HTTP_CONNECTION: Upgrade, HTTP_UPGRADE: websocket)
Finished "/cable/" [WebSocket] for 127.0.0.1 at 2018-01-24 01:55:30 -0800
Started GET "/cable" for 127.0.0.1 at 2018-01-24 01:55:32 -0800
Started GET "/cable/" [WebSocket] for 127.0.0.1 at 2018-01-24 01:55:32 -0800
Successfully upgraded to WebSocket (REQUEST_METHOD: GET, HTTP_CONNECTION: Upgrade, HTTP_UPGRADE: websocket)
ChatChannel is transmitting the subscription confirmation
ChatChannel is streaming from chat_channel
Finished "/cable/" [WebSocket] for 127.0.0.1 at 2018-01-24 01:55:44 -0800
ChatChannel stopped streaming from chat_channel
Started GET "/cable" for 127.0.0.1 at 2018-01-24 01:55:52 -0800
Started GET "/cable/" [WebSocket] for 127.0.0.1 at 2018-01-24 01:55:52 -0800
Successfully upgraded to WebSocket (REQUEST_METHOD: GET, HTTP_CONNECTION: Upgrade, HTTP_UPGRADE: websocket)
Finished "/cable/" [WebSocket] for 127.0.0.1 at 2018-01-24 01:55:54 -0800
ChatChannel stopped streaming from chat_channel
Finished "/cable/" [WebSocket] for 127.0.0.1 at 2018-01-24 01:55:56 -0800
Started GET "/cable" for 127.0.0.1 at 2018-01-24 01:55:56 -0800
Started GET "/cable/" [WebSocket] for 127.0.0.1 at 2018-01-24 01:55:56 -0800
Successfully upgraded to WebSocket (REQUEST_METHOD: GET, HTTP_CONNECTION: Upgrade, HTTP_UPGRADE: websocket)
Finished "/cable/" [WebSocket] for 127.0.0.1 at 2018-01-24 01:56:00 -0800
Started GET "/cable" for 127.0.0.1 at 2018-01-24 01:56:02 -0800
Started GET "/cable/" [WebSocket] for 127.0.0.1 at 2018-01-24 01:56:02 -0800
Successfully upgraded to WebSocket (REQUEST_METHOD: GET, HTTP_CONNECTION: Upgrade, HTTP_UPGRADE: websocket)
Started GET "/cable" for 127.0.0.1 at 2018-01-24 01:56:03 -0800
Started GET "/cable/" [WebSocket] for 127.0.0.1 at 2018-01-24 01:56:03 -0800
Successfully upgraded to WebSocket (REQUEST_METHOD: GET, HTTP_CONNECTION: Upgrade, HTTP_UPGRADE: websocket)
Started GET "/cable" for 127.0.0.1 at 2018-01-24 01:56:03 -0800
Finished "/cable/" [WebSocket] for 127.0.0.1 at 2018-01-24 01:56:03 -0800
Started GET "/cable/" [WebSocket] for 127.0.0.1 at 2018-01-24 01:56:03 -0800
Successfully upgraded to WebSocket (REQUEST_METHOD: GET, HTTP_CONNECTION: Upgrade, HTTP_UPGRADE: websocket)
ChatChannel is transmitting the subscription confirmation
ChatChannel is streaming from chat_channel
